c:\users\sju42\source\repos\windowsproject1\windowsproject1\x64\debug\windowsproject1.pch
c:\users\sju42\source\repos\windowsproject1\windowsproject1\x64\debug\vc142.pdb
c:\users\sju42\source\repos\windowsproject1\windowsproject1\x64\debug\vc142.idb
c:\users\sju42\source\repos\windowsproject1\windowsproject1\x64\debug\camera.obj
c:\users\sju42\source\repos\windowsproject1\windowsproject1\x64\debug\ddstextureloader12.obj
c:\users\sju42\source\repos\windowsproject1\windowsproject1\x64\debug\framework.obj
c:\users\sju42\source\repos\windowsproject1\windowsproject1\x64\debug\importer.obj
c:\users\sju42\source\repos\windowsproject1\windowsproject1\x64\debug\light.obj
c:\users\sju42\source\repos\windowsproject1\windowsproject1\x64\debug\mesh.obj
c:\users\sju42\source\repos\windowsproject1\windowsproject1\x64\debug\object.obj
c:\users\sju42\source\repos\windowsproject1\windowsproject1\x64\debug\pipelinestateobject.obj
c:\users\sju42\source\repos\windowsproject1\windowsproject1\x64\debug\rendertotextureclass.obj
c:\users\sju42\source\repos\windowsproject1\windowsproject1\x64\debug\scene.obj
c:\users\sju42\source\repos\windowsproject1\windowsproject1\x64\debug\stdafx.obj
c:\users\sju42\source\repos\windowsproject1\windowsproject1\x64\debug\texture.obj
c:\users\sju42\source\repos\windowsproject1\windowsproject1\x64\debug\timer.obj
c:\users\sju42\source\repos\windowsproject1\windowsproject1\x64\debug\vertex.obj
c:\users\sju42\source\repos\windowsproject1\windowsproject1\x64\debug\windowsproject1.obj
c:\users\sju42\source\repos\windowsproject1\x64\debug\windowsproject1.exe
c:\users\sju42\source\repos\windowsproject1\x64\debug\windowsproject1.ilk
c:\users\sju42\source\repos\windowsproject1\x64\debug\windowsproject1.pdb
c:\users\sju42\source\repos\windowsproject1\windowsproject1\x64\debug\windowsproject1.res
c:\users\sju42\source\repos\windowsproject1\windowsproject1\x64\debug\windowsproject1.tlog\cl.command.1.tlog
c:\users\sju42\source\repos\windowsproject1\windowsproject1\x64\debug\windowsproject1.tlog\cl.read.1.tlog
c:\users\sju42\source\repos\windowsproject1\windowsproject1\x64\debug\windowsproject1.tlog\cl.write.1.tlog
c:\users\sju42\source\repos\windowsproject1\windowsproject1\x64\debug\windowsproject1.tlog\link.command.1.tlog
c:\users\sju42\source\repos\windowsproject1\windowsproject1\x64\debug\windowsproject1.tlog\link.read.1.tlog
c:\users\sju42\source\repos\windowsproject1\windowsproject1\x64\debug\windowsproject1.tlog\link.write.1.tlog
c:\users\sju42\source\repos\windowsproject1\windowsproject1\x64\debug\windowsproject1.tlog\rc.command.1.tlog
c:\users\sju42\source\repos\windowsproject1\windowsproject1\x64\debug\windowsproject1.tlog\rc.read.1.tlog
c:\users\sju42\source\repos\windowsproject1\windowsproject1\x64\debug\windowsproject1.tlog\rc.write.1.tlog
